[16-Nov-2025 04:43:29 Europe/Berlin] PHP Warning:  include(include/db.php): Failed to open stream: No such file or directory in C:\xampp\htdocs\carGOAdmin\my_car\update_profile.php on line 20
[16-Nov-2025 04:43:29 Europe/Berlin] PHP Warning:  include(): Failed opening 'include/db.php' for inclusion (include_path='C:\xampp\php\PEAR') in C:\xampp\htdocs\carGOAdmin\my_car\update_profile.php on line 20
[16-Nov-2025 04:43:29 Europe/Berlin] PHP Warning:  Undefined variable $conn in C:\xampp\htdocs\carGOAdmin\my_car\update_profile.php on line 39
[16-Nov-2025 04:43:29 Europe/Berlin] PHP Fatal error:  Uncaught Error: Call to a member function prepare() on null in C:\xampp\htdocs\carGOAdmin\my_car\update_profile.php:39
Stack trace:
#0 {main}
  thrown in C:\xampp\htdocs\carGOAdmin\my_car\update_profile.php on line 39
[16-Nov-2025 04:45:24 Europe/Berlin] PHP Warning:  include(include/db.php): Failed to open stream: No such file or directory in C:\xampp\htdocs\carGOAdmin\my_car\update_profile.php on line 20
[16-Nov-2025 04:45:24 Europe/Berlin] PHP Warning:  include(): Failed opening 'include/db.php' for inclusion (include_path='C:\xampp\php\PEAR') in C:\xampp\htdocs\carGOAdmin\my_car\update_profile.php on line 20
[16-Nov-2025 04:45:24 Europe/Berlin] PHP Warning:  Undefined variable $conn in C:\xampp\htdocs\carGOAdmin\my_car\update_profile.php on line 39
[16-Nov-2025 04:45:24 Europe/Berlin] PHP Fatal error:  Uncaught Error: Call to a member function prepare() on null in C:\xampp\htdocs\carGOAdmin\my_car\update_profile.php:39
Stack trace:
#0 {main}
  thrown in C:\xampp\htdocs\carGOAdmin\my_car\update_profile.php on line 39
[16-Nov-2025 04:46:31 Europe/Berlin] PHP Warning:  include(include/db.php): Failed to open stream: No such file or directory in C:\xampp\htdocs\carGOAdmin\my_car\update_profile.php on line 20
[16-Nov-2025 04:46:31 Europe/Berlin] PHP Warning:  include(): Failed opening 'include/db.php' for inclusion (include_path='C:\xampp\php\PEAR') in C:\xampp\htdocs\carGOAdmin\my_car\update_profile.php on line 20
[16-Nov-2025 04:46:31 Europe/Berlin] PHP Warning:  Undefined variable $conn in C:\xampp\htdocs\carGOAdmin\my_car\update_profile.php on line 39
[16-Nov-2025 04:46:31 Europe/Berlin] PHP Fatal error:  Uncaught Error: Call to a member function prepare() on null in C:\xampp\htdocs\carGOAdmin\my_car\update_profile.php:39
Stack trace:
#0 {main}
  thrown in C:\xampp\htdocs\carGOAdmin\my_car\update_profile.php on line 39
[16-Nov-2025 04:48:15 Europe/Berlin] PHP Warning:  include(include/db.php): Failed to open stream: No such file or directory in C:\xampp\htdocs\carGOAdmin\my_car\update_profile.php on line 20
[16-Nov-2025 04:48:15 Europe/Berlin] PHP Warning:  include(): Failed opening 'include/db.php' for inclusion (include_path='C:\xampp\php\PEAR') in C:\xampp\htdocs\carGOAdmin\my_car\update_profile.php on line 20
[16-Nov-2025 04:48:15 Europe/Berlin] PHP Warning:  Undefined variable $conn in C:\xampp\htdocs\carGOAdmin\my_car\update_profile.php on line 39
[16-Nov-2025 04:48:15 Europe/Berlin] PHP Fatal error:  Uncaught Error: Call to a member function prepare() on null in C:\xampp\htdocs\carGOAdmin\my_car\update_profile.php:39
Stack trace:
#0 {main}
  thrown in C:\xampp\htdocs\carGOAdmin\my_car\update_profile.php on line 39
[16-Nov-2025 04:50:28 Europe/Berlin] PHP Warning:  include(include/db.php): Failed to open stream: No such file or directory in C:\xampp\htdocs\carGOAdmin\my_car\update_profile.php on line 20
[16-Nov-2025 04:50:28 Europe/Berlin] PHP Warning:  include(): Failed opening 'include/db.php' for inclusion (include_path='C:\xampp\php\PEAR') in C:\xampp\htdocs\carGOAdmin\my_car\update_profile.php on line 20
