[15-Dec-2025 03:01:46 Europe/Berlin] PHP Warning:  include(include/db.php): Failed to open stream: No such file or directory in C:\xampp\htdocs\cargoAdmin\api\create_booking.php on line 15
[15-Dec-2025 03:01:46 Europe/Berlin] PHP Warning:  include(): Failed opening 'include/db.php' for inclusion (include_path='\xampp\php\PEAR') in C:\xampp\htdocs\cargoAdmin\api\create_booking.php on line 15
[15-Dec-2025 03:01:46 Europe/Berlin] PHP Warning:  Undefined variable $conn in C:\xampp\htdocs\cargoAdmin\api\create_booking.php on line 38
[15-Dec-2025 03:01:46 Europe/Berlin] PHP Fatal error:  Uncaught TypeError: mysqli_real_escape_string(): Argument #1 ($mysql) must be of type mysqli, null given in C:\xampp\htdocs\cargoAdmin\api\create_booking.php:38
Stack trace:
#0 C:\xampp\htdocs\cargoAdmin\api\create_booking.php(38): mysqli_real_escape_string(NULL, 'ethan jr')
#1 {main}
  thrown in C:\xampp\htdocs\cargoAdmin\api\create_booking.php on line 38
[15-Dec-2025 03:02:37 Europe/Berlin] PHP Warning:  include(include/db.php): Failed to open stream: No such file or directory in C:\xampp\htdocs\cargoAdmin\api\create_booking.php on line 15
[15-Dec-2025 03:02:37 Europe/Berlin] PHP Warning:  include(): Failed opening 'include/db.php' for inclusion (include_path='\xampp\php\PEAR') in C:\xampp\htdocs\cargoAdmin\api\create_booking.php on line 15
[15-Dec-2025 03:02:37 Europe/Berlin] PHP Warning:  Undefined variable $conn in C:\xampp\htdocs\cargoAdmin\api\create_booking.php on line 38
[15-Dec-2025 03:02:37 Europe/Berlin] PHP Fatal error:  Uncaught TypeError: mysqli_real_escape_string(): Argument #1 ($mysql) must be of type mysqli, null given in C:\xampp\htdocs\cargoAdmin\api\create_booking.php:38
Stack trace:
#0 C:\xampp\htdocs\cargoAdmin\api\create_booking.php(38): mysqli_real_escape_string(NULL, 'ethan jr')
#1 {main}
  thrown in C:\xampp\htdocs\cargoAdmin\api\create_booking.php on line 38
[15-Dec-2025 03:03:58 Europe/Berlin] PHP Warning:  include(include/db.php): Failed to open stream: No such file or directory in C:\xampp\htdocs\cargoAdmin\api\create_booking.php on line 15
[15-Dec-2025 03:03:58 Europe/Berlin] PHP Warning:  include(): Failed opening 'include/db.php' for inclusion (include_path='\xampp\php\PEAR') in C:\xampp\htdocs\cargoAdmin\api\create_booking.php on line 15
[15-Dec-2025 03:03:58 Europe/Berlin] PHP Warning:  Undefined variable $conn in C:\xampp\htdocs\cargoAdmin\api\create_booking.php on line 38
[15-Dec-2025 03:03:58 Europe/Berlin] PHP Fatal error:  Uncaught TypeError: mysqli_real_escape_string(): Argument #1 ($mysql) must be of type mysqli, null given in C:\xampp\htdocs\cargoAdmin\api\create_booking.php:38
Stack trace:
#0 C:\xampp\htdocs\cargoAdmin\api\create_booking.php(38): mysqli_real_escape_string(NULL, 'ethan jr')
#1 {main}
  thrown in C:\xampp\htdocs\cargoAdmin\api\create_booking.php on line 38
[15-Dec-2025 03:05:09 Europe/Berlin] PHP Warning:  include(include/db.php): Failed to open stream: No such file or directory in C:\xampp\htdocs\cargoAdmin\api\create_booking.php on line 15
[15-Dec-2025 03:05:09 Europe/Berlin] PHP Warning:  include(): Failed opening 'include/db.php' for inclusion (include_path='\xampp\php\PEAR') in C:\xampp\htdocs\cargoAdmin\api\create_booking.php on line 15
[15-Dec-2025 03:05:09 Europe/Berlin] PHP Warning:  Undefined variable $conn in C:\xampp\htdocs\cargoAdmin\api\create_booking.php on line 38
[15-Dec-2025 03:05:09 Europe/Berlin] PHP Fatal error:  Uncaught TypeError: mysqli_real_escape_string(): Argument #1 ($mysql) must be of type mysqli, null given in C:\xampp\htdocs\cargoAdmin\api\create_booking.php:38
Stack trace:
#0 C:\xampp\htdocs\cargoAdmin\api\create_booking.php(38): mysqli_real_escape_string(NULL, 'ethan jr')
#1 {main}
  thrown in C:\xampp\htdocs\cargoAdmin\api\create_booking.php on line 38
[15-Dec-2025 03:06:11 Europe/Berlin] PHP Warning:  include(include/db.php): Failed to open stream: No such file or directory in C:\xampp\htdocs\cargoAdmin\api\create_booking.php on line 15
[15-Dec-2025 03:06:11 Europe/Berlin] PHP Warning:  include(): Failed opening 'include/db.php' for inclusion (include_path='\xampp\php\PEAR') in C:\xampp\htdocs\cargoAdmin\api\create_booking.php on line 15
[15-Dec-2025 03:06:11 Europe/Berlin] PHP Warning:  Undefined variable $conn in C:\xampp\htdocs\cargoAdmin\api\create_booking.php on line 38
[15-Dec-2025 03:06:11 Europe/Berlin] PHP Fatal error:  Uncaught TypeError: mysqli_real_escape_string(): Argument #1 ($mysql) must be of type mysqli, null given in C:\xampp\htdocs\cargoAdmin\api\create_booking.php:38
Stack trace:
#0 C:\xampp\htdocs\cargoAdmin\api\create_booking.php(38): mysqli_real_escape_string(NULL, 'ethan jr')
#1 {main}
  thrown in C:\xampp\htdocs\cargoAdmin\api\create_booking.php on line 38
[15-Dec-2025 03:08:53 Europe/Berlin] PHP Warning:  include(include/db.php): Failed to open stream: No such file or directory in C:\xampp\htdocs\cargoAdmin\api\create_booking.php on line 15
[15-Dec-2025 03:08:53 Europe/Berlin] PHP Warning:  include(): Failed opening 'include/db.php' for inclusion (include_path='\xampp\php\PEAR') in C:\xampp\htdocs\cargoAdmin\api\create_booking.php on line 15
[15-Dec-2025 03:08:53 Europe/Berlin] PHP Warning:  Undefined variable $conn in C:\xampp\htdocs\cargoAdmin\api\create_booking.php on line 38
[15-Dec-2025 03:08:53 Europe/Berlin] PHP Fatal error:  Uncaught TypeError: mysqli_real_escape_string(): Argument #1 ($mysql) must be of type mysqli, null given in C:\xampp\htdocs\cargoAdmin\api\create_booking.php:38
Stack trace:
#0 C:\xampp\htdocs\cargoAdmin\api\create_booking.php(38): mysqli_real_escape_string(NULL, 'ethan jr')
#1 {main}
  thrown in C:\xampp\htdocs\cargoAdmin\api\create_booking.php on line 38
